<?xml version="1.0" encoding="UTF-8"?>
<testng-results ignored="0" total="3" passed="3" failed="0" skipped="0">
  <reporter-output>
  </reporter-output>
  <suite started-at="2025-07-29T19:21:43 IST" name="SauceDemoTestSuite" finished-at="2025-07-29T19:21:52 IST" duration-ms="8630">
    <groups>
    </groups>
    <test started-at="2025-07-29T19:21:43 IST" name="AddToCartTest" finished-at="2025-07-29T19:21:52 IST" duration-ms="8630">
      <class name="tests.AddToCartTest">
        <test-method is-config="true" signature="setUp()[pri:0, instance:tests.AddToCartTest@a1153bc]" started-at="2025-07-29T19:21:43 IST" name="setUp" finished-at="2025-07-29T19:21:47 IST" duration-ms="3638" status="PASS">
          <reporter-output>
          </reporter-output>
        </test-method> <!-- setUp -->
        <test-method signature="testAddFirstProductToCart(java.lang.String)[pri:0, instance:tests.AddToCartTest@a1153bc]" started-at="2025-07-29T19:21:47 IST" name="testAddFirstProductToCart" data-provider="sortOptions" finished-at="2025-07-29T19:21:47 IST" duration-ms="430" status="PASS">
          <params>
            <param index="0">
              <value>
                <![CDATA[Price (low to high)]]>
              </value>
            </param>
          </params>
          <reporter-output>
          </reporter-output>
        </test-method> <!-- testAddFirstProductToCart -->
        <test-method is-config="true" signature="tearDown()[pri:0, instance:tests.AddToCartTest@a1153bc]" started-at="2025-07-29T19:21:47 IST" name="tearDown" finished-at="2025-07-29T19:21:48 IST" duration-ms="165" status="PASS">
          <reporter-output>
          </reporter-output>
        </test-method> <!-- tearDown -->
        <test-method is-config="true" signature="setUp()[pri:0, instance:tests.AddToCartTest@a1153bc]" started-at="2025-07-29T19:21:48 IST" name="setUp" finished-at="2025-07-29T19:21:49 IST" duration-ms="1535" status="PASS">
          <reporter-output>
          </reporter-output>
        </test-method> <!-- setUp -->
        <test-method signature="testAddFirstProductToCart(java.lang.String)[pri:0, instance:tests.AddToCartTest@a1153bc]" started-at="2025-07-29T19:21:49 IST" name="testAddFirstProductToCart" data-provider="sortOptions" finished-at="2025-07-29T19:21:50 IST" duration-ms="435" status="PASS">
          <params>
            <param index="0">
              <value>
                <![CDATA[Price (high to low)]]>
              </value>
            </param>
          </params>
          <reporter-output>
          </reporter-output>
        </test-method> <!-- testAddFirstProductToCart -->
        <test-method is-config="true" signature="tearDown()[pri:0, instance:tests.AddToCartTest@a1153bc]" started-at="2025-07-29T19:21:50 IST" name="tearDown" finished-at="2025-07-29T19:21:50 IST" duration-ms="160" status="PASS">
          <reporter-output>
          </reporter-output>
        </test-method> <!-- tearDown -->
        <test-method is-config="true" signature="setUp()[pri:0, instance:tests.AddToCartTest@a1153bc]" started-at="2025-07-29T19:21:50 IST" name="setUp" finished-at="2025-07-29T19:21:51 IST" duration-ms="1648" status="PASS">
          <reporter-output>
          </reporter-output>
        </test-method> <!-- setUp -->
        <test-method signature="testAddFirstProductToCart(java.lang.String)[pri:0, instance:tests.AddToCartTest@a1153bc]" started-at="2025-07-29T19:21:51 IST" name="testAddFirstProductToCart" data-provider="sortOptions" finished-at="2025-07-29T19:21:52 IST" duration-ms="457" status="PASS">
          <params>
            <param index="0">
              <value>
                <![CDATA[Name (A to Z)]]>
              </value>
            </param>
          </params>
          <reporter-output>
          </reporter-output>
        </test-method> <!-- testAddFirstProductToCart -->
        <test-method is-config="true" signature="tearDown()[pri:0, instance:tests.AddToCartTest@a1153bc]" started-at="2025-07-29T19:21:52 IST" name="tearDown" finished-at="2025-07-29T19:21:52 IST" duration-ms="126" status="PASS">
          <reporter-output>
          </reporter-output>
        </test-method> <!-- tearDown -->
      </class> <!-- tests.AddToCartTest -->
    </test> <!-- AddToCartTest -->
  </suite> <!-- SauceDemoTestSuite -->
</testng-results>
