<?xml version="1.0" encoding="UTF-8"?>
<!-- Generated by org.testng.reporters.JUnitXMLReporter -->
<testsuite ignored="0" hostname="LAPTOP-LOI8803I" failures="0" tests="3" name="AddToCartTest" time="8.63" errors="0" timestamp="2025-07-29T19:21:52 IST">
  <testcase classname="tests.AddToCartTest" name="testAddFirstProductToCart" time="0.43"/>
  <testcase classname="tests.AddToCartTest" name="testAddFirstProductToCart" time="0.435"/>
  <testcase classname="tests.AddToCartTest" name="testAddFirstProductToCart" time="0.457"/>
</testsuite> <!-- AddToCartTest -->
