<?xml version="1.0" encoding="UTF-8"?>
<!-- Generated by org.testng.reporters.JUnitXMLReporter -->
<testsuite ignored="0" hostname="LAPTOP-LOI8803I" failures="0" tests="3" name="Task 1: Add To Cart" time="15.833" errors="0" timestamp="2025-07-29T20:55:04 IST">
  <testcase classname="tests.AddToCartTest" name="testAddFirstProductToCart" time="0.445"/>
  <testcase classname="tests.AddToCartTest" name="testAddFirstProductToCart" time="0.41"/>
  <testcase classname="tests.AddToCartTest" name="testAddFirstProductToCart" time="0.389"/>
</testsuite> <!-- Task 1: Add To Cart -->
